<?xml version="1.0" encoding="UTF-8"?>
<!-- Generated by org.testng.reporters.JUnitReportReporter -->
<testsuite hostname="DESKTOP-09IB0QD" failures="0" tests="6" name="insurarnceCalculation_motorCycl.EndToEndTestsMotorCycle" time="53.912" errors="0" timestamp="2023-06-23T06:56:22 IST" skipped="3">
  <testcase classname="insurarnceCalculation_motorCycl.EndToEndTestsMotorCycle" name="insuranceCalculates" time="18.889"/>
  <system-out/>
  <testcase classname="insurarnceCalculation_motorCycl.EndToEndTestsMotorCycle" name="insuranceCalculates" time="17.304"/>
  <system-out/>
  <testcase classname="insurarnceCalculation_motorCycl.EndToEndTestsMotorCycle" name="insuranceCalculates" time="17.719"/>
  <system-out/>
  <testcase classname="insurarnceCalculation_motorCycl.EndToEndTestsMotorCycle" name="errorMessage_PayLoadField1">
    <skipped/>
  </testcase> <!-- errorMessage_PayLoadField1 -->
  <system-out/>
  <testcase classname="insurarnceCalculation_motorCycl.EndToEndTestsMotorCycle" name="errorMessage_PayLoadField">
    <skipped/>
  </testcase> <!-- errorMessage_PayLoadField -->
  <system-out/>
  <testcase classname="insurarnceCalculation_motorCycl.EndToEndTestsMotorCycle" name="verifyDropDownModel">
    <skipped/>
  </testcase> <!-- verifyDropDownModel -->
  <system-out/>
</testsuite> <!-- insurarnceCalculation_motorCycl.EndToEndTestsMotorCycle -->
